<?xml version="1.0" encoding="UTF-8"?>
<!-- Generated by org.testng.reporters.JUnitReportReporter -->
<testsuite hostname="Jos-MacBook-Air.local" failures="0" tests="4" name="zippopotam.com.TestCase" time="5.196" errors="0" timestamp="2022-12-01T16:25:18 GMT" skipped="0">
  <testcase classname="zippopotam.com.TestCase" name="TC_004" time="0.986"/>
  <system-out/>
  <testcase classname="zippopotam.com.TestCase" name="TC_002" time="0.311"/>
  <system-out/>
  <testcase classname="zippopotam.com.TestCase" name="TC_001" time="3.686"/>
  <system-out/>
  <testcase classname="zippopotam.com.TestCase" name="TC_003" time="0.213"/>
  <system-out/>
</testsuite> <!-- zippopotam.com.TestCase -->
